[0m10:20:26.739198 [debug] [MainThread]: Sending event: {'category': 'dbt', 'action': 'invocation', 'label': 'start', 'context': [<snowplow_tracker.self_describing_json.SelfDescribingJson object at 0x0000017247E269F0>, <snowplow_tracker.self_describing_json.SelfDescribingJson object at 0x000001724A9B7EC0>, <snowplow_tracker.self_describing_json.SelfDescribingJson object at 0x000001724C694A40>]}


============================== 10:20:26.771514 | 73f21e2f-5dc5-4992-9789-98b33298c261 ==============================
[0m10:20:26.771514 [info ] [MainThread]: Running with dbt=1.9.4
[0m10:20:26.772516 [debug] [MainThread]: running dbt with arguments {'printer_width': '80', 'indirect_selection': 'eager', 'log_cache_events': 'False', 'write_json': 'True', 'partial_parse': 'True', 'cache_selected_only': 'False', 'profiles_dir': 'C:\\Users\\alaah\\.dbt', 'fail_fast': 'False', 'version_check': 'True', 'log_path': 'logs', 'warn_error': 'None', 'debug': 'False', 'use_colors': 'True', 'use_experimental_parser': 'False', 'no_print': 'None', 'quiet': 'False', 'empty': 'None', 'log_format': 'default', 'static_parser': 'True', 'warn_error_options': 'WarnErrorOptions(include=[], exclude=[])', 'introspect': 'True', 'target_path': 'None', 'invocation_command': 'dbt init dbtlearn', 'send_anonymous_usage_stats': 'True'}
[0m10:20:27.267548 [debug] [MainThread]: Starter project path: C:\Users\alaah\Documents\course\venv\Lib\site-packages\dbt\include\starter_project
[0m10:20:27.351286 [info ] [MainThread]: 
Your new dbt project "dbtlearn" was created!

For more information on how to configure the profiles.yml file,
please consult the dbt documentation here:

  https://docs.getdbt.com/docs/configure-your-profile

One more thing:

Need help? Don't hesitate to reach out to us via GitHub issues or on Slack:

  https://community.getdbt.com/

Happy modeling!

[0m10:20:27.354288 [info ] [MainThread]: Setting up your profile.
[0m10:27:51.073044 [info ] [MainThread]: Profile dbtlearn written to C:\Users\alaah\.dbt\profiles.yml using target's profile_template.yml and your supplied values. Run 'dbt debug' to validate the connection.
[0m10:27:51.076052 [debug] [MainThread]: Command `dbt init` succeeded at 10:27:51.075025 after 444.57 seconds
[0m10:27:51.077041 [debug] [MainThread]: Sending event: {'category': 'dbt', 'action': 'invocation', 'label': 'end', 'context': [<snowplow_tracker.self_describing_json.SelfDescribingJson object at 0x0000017247E269F0>, <snowplow_tracker.self_describing_json.SelfDescribingJson object at 0x000001724C56FBC0>, <snowplow_tracker.self_describing_json.SelfDescribingJson object at 0x000001724C6BC500>]}
[0m10:27:51.078050 [debug] [MainThread]: Flushing usage events
[0m10:27:52.230335 [debug] [MainThread]: An error was encountered while trying to flush usage events
[0m12:07:41.284654 [debug] [MainThread]: Sending event: {'category': 'dbt', 'action': 'invocation', 'label': 'start', 'context': [<snowplow_tracker.self_describing_json.SelfDescribingJson object at 0x0000018936094140>, <snowplow_tracker.self_describing_json.SelfDescribingJson object at 0x00000189360940B0>, <snowplow_tracker.self_describing_json.SelfDescribingJson object at 0x0000018936095280>]}


============================== 12:07:41.293673 | 91c91837-718e-48f5-8ee5-9e66fd54ba57 ==============================
[0m12:07:41.293673 [info ] [MainThread]: Running with dbt=1.9.4
[0m12:07:41.294672 [debug] [MainThread]: running dbt with arguments {'printer_width': '80', 'indirect_selection': 'eager', 'log_cache_events': 'False', 'write_json': 'True', 'partial_parse': 'True', 'cache_selected_only': 'False', 'warn_error': 'None', 'debug': 'False', 'version_check': 'True', 'log_path': 'logs', 'fail_fast': 'False', 'profiles_dir': 'C:\\Users\\alaah\\.dbt', 'use_colors': 'True', 'use_experimental_parser': 'False', 'no_print': 'None', 'quiet': 'False', 'empty': 'None', 'warn_error_options': 'WarnErrorOptions(include=[], exclude=[])', 'static_parser': 'True', 'log_format': 'default', 'invocation_command': 'dbt debug', 'target_path': 'None', 'introspect': 'True', 'send_anonymous_usage_stats': 'True'}
[0m12:07:41.327672 [info ] [MainThread]: dbt version: 1.9.4
[0m12:07:41.328667 [info ] [MainThread]: python version: 3.12.10
[0m12:07:41.329672 [info ] [MainThread]: python path: C:\Users\alaah\Documents\course\venv\Scripts\python.exe
[0m12:07:41.329672 [info ] [MainThread]: os info: Windows-11-10.0.22631-SP0
[0m12:07:41.894558 [info ] [MainThread]: Using profiles dir at C:\Users\alaah\.dbt
[0m12:07:41.895558 [info ] [MainThread]: Using profiles.yml file at C:\Users\alaah\.dbt\profiles.yml
[0m12:07:41.895558 [info ] [MainThread]: Using dbt_project.yml file at C:\Users\alaah\Documents\course\dbt_project.yml
[0m12:07:41.897558 [info ] [MainThread]: adapter type: snowflake
[0m12:07:41.898558 [info ] [MainThread]: adapter version: 1.9.0
[0m12:07:41.899552 [info ] [MainThread]: Configuration:
[0m12:07:41.900558 [info ] [MainThread]:   profiles.yml file [[32mOK found and valid[0m]
[0m12:07:41.900558 [info ] [MainThread]:   dbt_project.yml file [[31mERROR not found[0m]
[0m12:07:41.902562 [info ] [MainThread]: Required dependencies:
[0m12:07:41.903562 [debug] [MainThread]: Executing "git --help"
[0m12:07:41.979165 [debug] [MainThread]: STDOUT: "b"usage: git [-v | --version] [-h | --help] [-C <path>] [-c <name>=<value>]\n           [--exec-path[=<path>]] [--html-path] [--man-path] [--info-path]\n           [-p | --paginate | -P | --no-pager] [--no-replace-objects] [--no-lazy-fetch]\n           [--no-optional-locks] [--no-advice] [--bare] [--git-dir=<path>]\n           [--work-tree=<path>] [--namespace=<name>] [--config-env=<name>=<envvar>]\n           <command> [<args>]\n\nThese are common Git commands used in various situations:\n\nstart a working area (see also: git help tutorial)\n   clone      Clone a repository into a new directory\n   init       Create an empty Git repository or reinitialize an existing one\n\nwork on the current change (see also: git help everyday)\n   add        Add file contents to the index\n   mv         Move or rename a file, a directory, or a symlink\n   restore    Restore working tree files\n   rm         Remove files from the working tree and from the index\n\nexamine the history and state (see also: git help revisions)\n   bisect     Use binary search to find the commit that introduced a bug\n   diff       Show changes between commits, commit and working tree, etc\n   grep       Print lines matching a pattern\n   log        Show commit logs\n   show       Show various types of objects\n   status     Show the working tree status\n\ngrow, mark and tweak your common history\n   backfill   Download missing objects in a partial clone\n   branch     List, create, or delete branches\n   commit     Record changes to the repository\n   merge      Join two or more development histories together\n   rebase     Reapply commits on top of another base tip\n   reset      Reset current HEAD to the specified state\n   switch     Switch branches\n   tag        Create, list, delete or verify a tag object signed with GPG\n\ncollaborate (see also: git help workflows)\n   fetch      Download objects and refs from another repository\n   pull       Fetch from and integrate with another repository or a local branch\n   push       Update remote refs along with associated objects\n\n'git help -a' and 'git help -g' list available subcommands and some\nconcept guides. See 'git help <command>' or 'git help <concept>'\nto read about a specific subcommand or concept.\nSee 'git help git' for an overview of the system.\n""
[0m12:07:41.980165 [debug] [MainThread]: STDERR: "b''"
[0m12:07:41.981152 [info ] [MainThread]:  - git [[32mOK found[0m]

[0m12:07:41.982168 [info ] [MainThread]: Connection:
[0m12:07:41.983165 [info ] [MainThread]:   account: qoujatb-dt39099
[0m12:07:41.984165 [info ] [MainThread]:   user: ALAA
[0m12:07:41.985176 [info ] [MainThread]:   database: AIRBNB
[0m12:07:41.986165 [info ] [MainThread]:   warehouse: COMPUTE_WH
[0m12:07:41.988145 [info ] [MainThread]:   role: transform
[0m12:07:41.989145 [info ] [MainThread]:   schema: DEV
[0m12:07:41.990167 [info ] [MainThread]:   authenticator: None
[0m12:07:41.991340 [info ] [MainThread]:   oauth_client_id: None
[0m12:07:41.992383 [info ] [MainThread]:   query_tag: None
[0m12:07:41.993409 [info ] [MainThread]:   client_session_keep_alive: False
[0m12:07:41.994405 [info ] [MainThread]:   host: None
[0m12:07:41.995384 [info ] [MainThread]:   port: None
[0m12:07:41.997380 [info ] [MainThread]:   proxy_host: None
[0m12:07:41.998379 [info ] [MainThread]:   proxy_port: None
[0m12:07:41.999404 [info ] [MainThread]:   protocol: None
[0m12:07:42.000415 [info ] [MainThread]:   connect_retries: 1
[0m12:07:42.001386 [info ] [MainThread]:   connect_timeout: None
[0m12:07:42.002404 [info ] [MainThread]:   retry_on_database_errors: False
[0m12:07:42.004390 [info ] [MainThread]:   retry_all: False
[0m12:07:42.005380 [info ] [MainThread]:   insecure_mode: False
[0m12:07:42.006379 [info ] [MainThread]:   reuse_connections: True
[0m12:07:42.007402 [info ] [MainThread]: Registered adapter: snowflake=1.9.0
[0m12:07:42.679863 [debug] [MainThread]: Acquiring new snowflake connection 'debug'
[0m12:07:42.810839 [debug] [MainThread]: Using snowflake connection "debug"
[0m12:07:42.811839 [debug] [MainThread]: On debug: select 1 as id
[0m12:07:42.812840 [debug] [MainThread]: Opening a new connection, currently in state init
[0m12:07:44.293585 [debug] [MainThread]: SQL status: SUCCESS 1 in 1.481 seconds
[0m12:07:44.295585 [info ] [MainThread]:   Connection test: [[32mOK connection ok[0m]

[0m12:07:44.296661 [info ] [MainThread]: [31m1 check failed:[0m
[0m12:07:44.298700 [info ] [MainThread]: Project loading failed for the following reason:
 project path <C:\Users\alaah\Documents\course\dbt_project.yml> not found

[0m12:07:44.300729 [debug] [MainThread]: Command `dbt debug` failed at 12:07:44.300729 after 3.25 seconds
[0m12:07:44.301725 [debug] [MainThread]: Connection 'debug' was left open.
[0m12:07:44.301725 [debug] [MainThread]: On debug: Close
[0m12:07:44.697940 [debug] [MainThread]: Sending event: {'category': 'dbt', 'action': 'invocation', 'label': 'end', 'context': [<snowplow_tracker.self_describing_json.SelfDescribingJson object at 0x000001893606FA70>, <snowplow_tracker.self_describing_json.SelfDescribingJson object at 0x0000018936C94740>, <snowplow_tracker.self_describing_json.SelfDescribingJson object at 0x0000018936BF6D20>]}
[0m12:07:44.698940 [debug] [MainThread]: Flushing usage events
[0m12:07:45.612567 [debug] [MainThread]: An error was encountered while trying to flush usage events
[0m19:58:05.270371 [debug] [MainThread]: Sending event: {'category': 'dbt', 'action': 'invocation', 'label': 'start', 'context': [<snowplow_tracker.self_describing_json.SelfDescribingJson object at 0x000001A764538470>, <snowplow_tracker.self_describing_json.SelfDescribingJson object at 0x000001A766E98380>, <snowplow_tracker.self_describing_json.SelfDescribingJson object at 0x000001A7684250A0>]}


============================== 19:58:05.279366 | 07eb9847-2c85-4a3f-b23b-601552ace9cf ==============================
[0m19:58:05.279366 [info ] [MainThread]: Running with dbt=1.9.4
[0m19:58:05.281370 [debug] [MainThread]: running dbt with arguments {'printer_width': '80', 'indirect_selection': 'eager', 'write_json': 'True', 'log_cache_events': 'False', 'partial_parse': 'True', 'cache_selected_only': 'False', 'profiles_dir': 'C:\\Users\\alaah\\.dbt', 'fail_fast': 'False', 'version_check': 'True', 'log_path': 'logs', 'warn_error': 'None', 'debug': 'False', 'use_colors': 'True', 'use_experimental_parser': 'False', 'empty': 'None', 'quiet': 'False', 'no_print': 'None', 'log_format': 'default', 'introspect': 'True', 'warn_error_options': 'WarnErrorOptions(include=[], exclude=[])', 'invocation_command': 'dbt deps', 'target_path': 'None', 'static_parser': 'True', 'send_anonymous_usage_stats': 'True'}
[0m19:58:05.282370 [error] [MainThread]: Encountered an error:
Runtime Error
  No dbt_project.yml found at expected path C:\Users\alaah\Documents\course\dbt_project.yml
  Verify that each entry within packages.yml (and their transitive dependencies) contains a file named dbt_project.yml
  
[0m19:58:05.285360 [debug] [MainThread]: Command `dbt deps` failed at 19:58:05.285360 after 0.22 seconds
[0m19:58:05.286370 [debug] [MainThread]: Sending event: {'category': 'dbt', 'action': 'invocation', 'label': 'end', 'context': [<snowplow_tracker.self_describing_json.SelfDescribingJson object at 0x000001A76856FBC0>, <snowplow_tracker.self_describing_json.SelfDescribingJson object at 0x000001A76654ACF0>, <snowplow_tracker.self_describing_json.SelfDescribingJson object at 0x000001A767DFBB00>]}
[0m19:58:05.287366 [debug] [MainThread]: Flushing usage events
[0m19:58:05.936277 [debug] [MainThread]: An error was encountered while trying to flush usage events
